2017-08-10 19:01:27,810 WARN [main] com.dcits.orion.base.AbstractConvert.AbstractConvert#afterPropertiesSet[AbstractConvert.java:110] load parseStringCfg.xml failed! null
2017-08-10 19:01:27,851 WARN [main] com.dcits.orion.base.AbstractConvert.AbstractConvert#afterPropertiesSet[AbstractConvert.java:110] load parseStringCfg.xml failed! null
2017-08-10 19:01:28,139 WARN [main] org.springframework.context.support.ClassPathXmlApplicationContext.AbstractApplicationContext#refresh[AbstractApplicationContext.java:486] Exception encountered during context initialization - cancelling refresh attempt
org.springframework.beans.factory.BeanCreationException: Error creating bean with name 'parserMapping' defined in file [D:\svn\guotaoMachine\orion\orion-base\target\classes\META-INF\spring\orion-base.xml]: Invocation of init method failed; nested exception is com.dcits.galaxy.base.exception.GalaxyException: 资源解析失败，请检查配置文件[global-mapping.xml]
	at org.springframework.beans.factory.support.AbstractAutowireCapableBeanFactory.initializeBean(AbstractAutowireCapableBeanFactory.java:1514) ~[spring-beans-3.2.13.RELEASE.jar:3.2.13.RELEASE]
	at org.springframework.beans.factory.support.AbstractAutowireCapableBeanFactory.doCreateBean(AbstractAutowireCapableBeanFactory.java:521) ~[spring-beans-3.2.13.RELEASE.jar:3.2.13.RELEASE]
	at org.springframework.beans.factory.support.AbstractAutowireCapableBeanFactory.createBean(AbstractAutowireCapableBeanFactory.java:458) ~[spring-beans-3.2.13.RELEASE.jar:3.2.13.RELEASE]
	at org.springframework.beans.factory.support.AbstractBeanFactory$1.getObject(AbstractBeanFactory.java:293) ~[spring-beans-3.2.13.RELEASE.jar:3.2.13.RELEASE]
	at org.springframework.beans.factory.support.DefaultSingletonBeanRegistry.getSingleton(DefaultSingletonBeanRegistry.java:223) ~[spring-beans-3.2.13.RELEASE.jar:3.2.13.RELEASE]
	at org.springframework.beans.factory.support.AbstractBeanFactory.doGetBean(AbstractBeanFactory.java:290) ~[spring-beans-3.2.13.RELEASE.jar:3.2.13.RELEASE]
	at org.springframework.beans.factory.support.AbstractBeanFactory.getBean(AbstractBeanFactory.java:191) ~[spring-beans-3.2.13.RELEASE.jar:3.2.13.RELEASE]
	at org.springframework.beans.factory.support.DefaultListableBeanFactory.preInstantiateSingletons(DefaultListableBeanFactory.java:636) ~[spring-beans-3.2.13.RELEASE.jar:3.2.13.RELEASE]
	at org.springframework.context.support.AbstractApplicationContext.finishBeanFactoryInitialization(AbstractApplicationContext.java:934) ~[spring-context-3.2.13.RELEASE.jar:3.2.13.RELEASE]
	at org.springframework.context.support.AbstractApplicationContext.refresh(AbstractApplicationContext.java:479) ~[spring-context-3.2.13.RELEASE.jar:3.2.13.RELEASE]
	at org.springframework.context.support.ClassPathXmlApplicationContext.<init>(ClassPathXmlApplicationContext.java:139) [spring-context-3.2.13.RELEASE.jar:3.2.13.RELEASE]
	at org.springframework.context.support.ClassPathXmlApplicationContext.<init>(ClassPathXmlApplicationContext.java:83) [spring-context-3.2.13.RELEASE.jar:3.2.13.RELEASE]
	at com.dcits.galaxy.junit.TestBase.<init>(TestBase.java:12) [galaxy-junit-2.1.0-SNAPSHOT.jar:na]
	at com.dcits.orion.base.common.parser.JSONToMapByMappingParserTest.<init>(JSONToMapByMappingParserTest.java:19) [test-classes/:na]
	at sun.reflect.NativeConstructorAccessorImpl.newInstance0(Native Method) [na:1.7.0_80]
	at sun.reflect.NativeConstructorAccessorImpl.newInstance(NativeConstructorAccessorImpl.java:57) [na:1.7.0_80]
	at sun.reflect.DelegatingConstructorAccessorImpl.newInstance(DelegatingConstructorAccessorImpl.java:45) [na:1.7.0_80]
	at java.lang.reflect.Constructor.newInstance(Constructor.java:526) [na:1.7.0_80]
	at junit.framework.TestSuite.createTest(TestSuite.java:131) [junit-3.8.1.jar:na]
	at junit.framework.TestSuite.addTestMethod(TestSuite.java:114) [junit-3.8.1.jar:na]
	at junit.framework.TestSuite.<init>(TestSuite.java:75) [junit-3.8.1.jar:na]
	at sun.reflect.NativeConstructorAccessorImpl.newInstance0(Native Method) [na:1.7.0_80]
	at sun.reflect.NativeConstructorAccessorImpl.newInstance(NativeConstructorAccessorImpl.java:57) [na:1.7.0_80]
	at sun.reflect.DelegatingConstructorAccessorImpl.newInstance(DelegatingConstructorAccessorImpl.java:45) [na:1.7.0_80]
	at java.lang.reflect.Constructor.newInstance(Constructor.java:526) [na:1.7.0_80]
	at org.apache.maven.surefire.common.junit3.JUnit3Reflector.constructTestObject(JUnit3Reflector.java:127) [surefire-junit3-2.12.4.jar:2.12.4]
	at org.apache.maven.surefire.junit.JUnitTestSet.execute(JUnitTestSet.java:70) [surefire-junit3-2.12.4.jar:2.12.4]
	at org.apache.maven.surefire.junit.JUnit3Provider.executeTestSet(JUnit3Provider.java:121) [surefire-junit3-2.12.4.jar:2.12.4]
	at org.apache.maven.surefire.junit.JUnit3Provider.invoke(JUnit3Provider.java:98) [surefire-junit3-2.12.4.jar:2.12.4]
	at sun.reflect.NativeMethodAccessorImpl.invoke0(Native Method) ~[na:1.7.0_80]
	at sun.reflect.NativeMethodAccessorImpl.invoke(NativeMethodAccessorImpl.java:57) ~[na:1.7.0_80]
	at sun.reflect.DelegatingMethodAccessorImpl.invoke(DelegatingMethodAccessorImpl.java:43) ~[na:1.7.0_80]
	at java.lang.reflect.Method.invoke(Method.java:606) ~[na:1.7.0_80]
	at org.apache.maven.surefire.util.ReflectionUtils.invokeMethodWithArray(ReflectionUtils.java:189) [surefire-api-2.12.4.jar:2.12.4]
	at org.apache.maven.surefire.booter.ProviderFactory$ProviderProxy.invoke(ProviderFactory.java:165) [surefire-booter-2.12.4.jar:2.12.4]
	at org.apache.maven.surefire.booter.ProviderFactory.invokeProvider(ProviderFactory.java:85) [surefire-booter-2.12.4.jar:2.12.4]
	at org.apache.maven.surefire.booter.ForkedBooter.runSuitesInProcess(ForkedBooter.java:115) [surefire-booter-2.12.4.jar:2.12.4]
	at org.apache.maven.surefire.booter.ForkedBooter.main(ForkedBooter.java:75) [surefire-booter-2.12.4.jar:2.12.4]
Caused by: com.dcits.galaxy.base.exception.GalaxyException: 资源解析失败，请检查配置文件[global-mapping.xml]
	at com.dcits.orion.base.map.mapping.MappingBuilder.<init>(MappingBuilder.java:38) ~[classes/:na]
	at com.dcits.orion.base.map.mapping.ParserMapping.afterPropertiesSet(ParserMapping.java:254) ~[classes/:na]
	at org.springframework.beans.factory.support.AbstractAutowireCapableBeanFactory.invokeInitMethods(AbstractAutowireCapableBeanFactory.java:1573) ~[spring-beans-3.2.13.RELEASE.jar:3.2.13.RELEASE]
	at org.springframework.beans.factory.support.AbstractAutowireCapableBeanFactory.initializeBean(AbstractAutowireCapableBeanFactory.java:1511) ~[spring-beans-3.2.13.RELEASE.jar:3.2.13.RELEASE]
	... 37 common frames omitted
Caused by: java.io.FileNotFoundException: http://www.dcits.com/xml/dtd/parserMapping.dtd
	at sun.net.www.protocol.http.HttpURLConnection.getInputStream(HttpURLConnection.java:1625) ~[na:1.7.0_80]
	at com.sun.org.apache.xerces.internal.impl.XMLEntityManager.setupCurrentEntity(XMLEntityManager.java:643) ~[na:1.7.0_80]
	at com.sun.org.apache.xerces.internal.impl.XMLEntityManager.startEntity(XMLEntityManager.java:1297) ~[na:1.7.0_80]
	at com.sun.org.apache.xerces.internal.impl.XMLEntityManager.startDTDEntity(XMLEntityManager.java:1264) ~[na:1.7.0_80]
	at com.sun.org.apache.xerces.internal.impl.XMLDTDScannerImpl.setInputSource(XMLDTDScannerImpl.java:263) ~[na:1.7.0_80]
	at com.sun.org.apache.xerces.internal.impl.XMLDocumentScannerImpl$DTDDriver.dispatch(XMLDocumentScannerImpl.java:1164) ~[na:1.7.0_80]
	at com.sun.org.apache.xerces.internal.impl.XMLDocumentScannerImpl$DTDDriver.next(XMLDocumentScannerImpl.java:1050) ~[na:1.7.0_80]
	at com.sun.org.apache.xerces.internal.impl.XMLDocumentScannerImpl$PrologDriver.next(XMLDocumentScannerImpl.java:964) ~[na:1.7.0_80]
	at com.sun.org.apache.xerces.internal.impl.XMLDocumentScannerImpl.next(XMLDocumentScannerImpl.java:606) ~[na:1.7.0_80]
	at com.sun.org.apache.xerces.internal.impl.XMLDocumentFragmentScannerImpl.scanDocument(XMLDocumentFragmentScannerImpl.java:510) ~[na:1.7.0_80]
	at com.sun.org.apache.xerces.internal.parsers.XML11Configuration.parse(XML11Configuration.java:848) ~[na:1.7.0_80]
	at com.sun.org.apache.xerces.internal.parsers.XML11Configuration.parse(XML11Configuration.java:777) ~[na:1.7.0_80]
	at com.sun.org.apache.xerces.internal.parsers.XMLParser.parse(XMLParser.java:141) ~[na:1.7.0_80]
	at com.sun.org.apache.xerces.internal.parsers.DOMParser.parse(DOMParser.java:243) ~[na:1.7.0_80]
	at com.sun.org.apache.xerces.internal.jaxp.DocumentBuilderImpl.parse(DocumentBuilderImpl.java:347) ~[na:1.7.0_80]
	at javax.xml.parsers.DocumentBuilder.parse(DocumentBuilder.java:121) ~[na:1.7.0_80]
	at com.dcits.orion.base.map.mapping.MappingBuilder.parser(MappingBuilder.java:50) ~[classes/:na]
	at com.dcits.orion.base.map.mapping.MappingBuilder.<init>(MappingBuilder.java:36) ~[classes/:na]
	... 40 common frames omitted
2017-08-10 19:01:28,340 WARN [main] com.dcits.orion.base.AbstractConvert.AbstractConvert#afterPropertiesSet[AbstractConvert.java:110] load parseStringCfg.xml failed! null
2017-08-10 19:01:28,344 WARN [main] com.dcits.orion.base.AbstractConvert.AbstractConvert#afterPropertiesSet[AbstractConvert.java:110] load parseStringCfg.xml failed! null
2017-08-10 19:01:28,392 WARN [main] org.springframework.context.support.ClassPathXmlApplicationContext.AbstractApplicationContext#refresh[AbstractApplicationContext.java:486] Exception encountered during context initialization - cancelling refresh attempt
org.springframework.beans.factory.BeanCreationException: Error creating bean with name 'parserMapping' defined in file [D:\svn\guotaoMachine\orion\orion-base\target\classes\META-INF\spring\orion-base.xml]: Invocation of init method failed; nested exception is com.dcits.galaxy.base.exception.GalaxyException: 资源解析失败，请检查配置文件[global-mapping.xml]
	at org.springframework.beans.factory.support.AbstractAutowireCapableBeanFactory.initializeBean(AbstractAutowireCapableBeanFactory.java:1514) ~[spring-beans-3.2.13.RELEASE.jar:3.2.13.RELEASE]
	at org.springframework.beans.factory.support.AbstractAutowireCapableBeanFactory.doCreateBean(AbstractAutowireCapableBeanFactory.java:521) ~[spring-beans-3.2.13.RELEASE.jar:3.2.13.RELEASE]
	at org.springframework.beans.factory.support.AbstractAutowireCapableBeanFactory.createBean(AbstractAutowireCapableBeanFactory.java:458) ~[spring-beans-3.2.13.RELEASE.jar:3.2.13.RELEASE]
	at org.springframework.beans.factory.support.AbstractBeanFactory$1.getObject(AbstractBeanFactory.java:293) ~[spring-beans-3.2.13.RELEASE.jar:3.2.13.RELEASE]
	at org.springframework.beans.factory.support.DefaultSingletonBeanRegistry.getSingleton(DefaultSingletonBeanRegistry.java:223) ~[spring-beans-3.2.13.RELEASE.jar:3.2.13.RELEASE]
	at org.springframework.beans.factory.support.AbstractBeanFactory.doGetBean(AbstractBeanFactory.java:290) ~[spring-beans-3.2.13.RELEASE.jar:3.2.13.RELEASE]
	at org.springframework.beans.factory.support.AbstractBeanFactory.getBean(AbstractBeanFactory.java:191) ~[spring-beans-3.2.13.RELEASE.jar:3.2.13.RELEASE]
	at org.springframework.beans.factory.support.DefaultListableBeanFactory.preInstantiateSingletons(DefaultListableBeanFactory.java:636) ~[spring-beans-3.2.13.RELEASE.jar:3.2.13.RELEASE]
	at org.springframework.context.support.AbstractApplicationContext.finishBeanFactoryInitialization(AbstractApplicationContext.java:934) ~[spring-context-3.2.13.RELEASE.jar:3.2.13.RELEASE]
	at org.springframework.context.support.AbstractApplicationContext.refresh(AbstractApplicationContext.java:479) ~[spring-context-3.2.13.RELEASE.jar:3.2.13.RELEASE]
	at org.springframework.context.support.ClassPathXmlApplicationContext.<init>(ClassPathXmlApplicationContext.java:139) [spring-context-3.2.13.RELEASE.jar:3.2.13.RELEASE]
	at org.springframework.context.support.ClassPathXmlApplicationContext.<init>(ClassPathXmlApplicationContext.java:83) [spring-context-3.2.13.RELEASE.jar:3.2.13.RELEASE]
	at com.dcits.galaxy.junit.TestBase.<init>(TestBase.java:12) [galaxy-junit-2.1.0-SNAPSHOT.jar:na]
	at com.dcits.orion.base.common.parser.JSONToMapByMappingParserTest.<init>(JSONToMapByMappingParserTest.java:19) [test-classes/:na]
	at sun.reflect.NativeConstructorAccessorImpl.newInstance0(Native Method) [na:1.7.0_80]
	at sun.reflect.NativeConstructorAccessorImpl.newInstance(NativeConstructorAccessorImpl.java:57) [na:1.7.0_80]
	at sun.reflect.DelegatingConstructorAccessorImpl.newInstance(DelegatingConstructorAccessorImpl.java:45) [na:1.7.0_80]
	at java.lang.reflect.Constructor.newInstance(Constructor.java:526) [na:1.7.0_80]
	at junit.framework.TestSuite.createTest(TestSuite.java:131) [junit-3.8.1.jar:na]
	at junit.framework.TestSuite.addTestMethod(TestSuite.java:114) [junit-3.8.1.jar:na]
	at junit.framework.TestSuite.<init>(TestSuite.java:75) [junit-3.8.1.jar:na]
	at sun.reflect.NativeConstructorAccessorImpl.newInstance0(Native Method) [na:1.7.0_80]
	at sun.reflect.NativeConstructorAccessorImpl.newInstance(NativeConstructorAccessorImpl.java:57) [na:1.7.0_80]
	at sun.reflect.DelegatingConstructorAccessorImpl.newInstance(DelegatingConstructorAccessorImpl.java:45) [na:1.7.0_80]
	at java.lang.reflect.Constructor.newInstance(Constructor.java:526) [na:1.7.0_80]
	at org.apache.maven.surefire.common.junit3.JUnit3Reflector.constructTestObject(JUnit3Reflector.java:127) [surefire-junit3-2.12.4.jar:2.12.4]
	at org.apache.maven.surefire.junit.JUnitTestSet.execute(JUnitTestSet.java:70) [surefire-junit3-2.12.4.jar:2.12.4]
	at org.apache.maven.surefire.junit.JUnit3Provider.executeTestSet(JUnit3Provider.java:121) [surefire-junit3-2.12.4.jar:2.12.4]
	at org.apache.maven.surefire.junit.JUnit3Provider.invoke(JUnit3Provider.java:98) [surefire-junit3-2.12.4.jar:2.12.4]
	at sun.reflect.NativeMethodAccessorImpl.invoke0(Native Method) ~[na:1.7.0_80]
	at sun.reflect.NativeMethodAccessorImpl.invoke(NativeMethodAccessorImpl.java:57) ~[na:1.7.0_80]
	at sun.reflect.DelegatingMethodAccessorImpl.invoke(DelegatingMethodAccessorImpl.java:43) ~[na:1.7.0_80]
	at java.lang.reflect.Method.invoke(Method.java:606) ~[na:1.7.0_80]
	at org.apache.maven.surefire.util.ReflectionUtils.invokeMethodWithArray(ReflectionUtils.java:189) [surefire-api-2.12.4.jar:2.12.4]
	at org.apache.maven.surefire.booter.ProviderFactory$ProviderProxy.invoke(ProviderFactory.java:165) [surefire-booter-2.12.4.jar:2.12.4]
	at org.apache.maven.surefire.booter.ProviderFactory.invokeProvider(ProviderFactory.java:85) [surefire-booter-2.12.4.jar:2.12.4]
	at org.apache.maven.surefire.booter.ForkedBooter.runSuitesInProcess(ForkedBooter.java:115) [surefire-booter-2.12.4.jar:2.12.4]
	at org.apache.maven.surefire.booter.ForkedBooter.main(ForkedBooter.java:75) [surefire-booter-2.12.4.jar:2.12.4]
Caused by: com.dcits.galaxy.base.exception.GalaxyException: 资源解析失败，请检查配置文件[global-mapping.xml]
	at com.dcits.orion.base.map.mapping.MappingBuilder.<init>(MappingBuilder.java:38) ~[classes/:na]
	at com.dcits.orion.base.map.mapping.ParserMapping.afterPropertiesSet(ParserMapping.java:254) ~[classes/:na]
	at org.springframework.beans.factory.support.AbstractAutowireCapableBeanFactory.invokeInitMethods(AbstractAutowireCapableBeanFactory.java:1573) ~[spring-beans-3.2.13.RELEASE.jar:3.2.13.RELEASE]
	at org.springframework.beans.factory.support.AbstractAutowireCapableBeanFactory.initializeBean(AbstractAutowireCapableBeanFactory.java:1511) ~[spring-beans-3.2.13.RELEASE.jar:3.2.13.RELEASE]
	... 37 common frames omitted
Caused by: java.io.FileNotFoundException: http://www.dcits.com/xml/dtd/parserMapping.dtd
	at sun.net.www.protocol.http.HttpURLConnection.getInputStream(HttpURLConnection.java:1625) ~[na:1.7.0_80]
	at com.sun.org.apache.xerces.internal.impl.XMLEntityManager.setupCurrentEntity(XMLEntityManager.java:643) ~[na:1.7.0_80]
	at com.sun.org.apache.xerces.internal.impl.XMLEntityManager.startEntity(XMLEntityManager.java:1297) ~[na:1.7.0_80]
	at com.sun.org.apache.xerces.internal.impl.XMLEntityManager.startDTDEntity(XMLEntityManager.java:1264) ~[na:1.7.0_80]
	at com.sun.org.apache.xerces.internal.impl.XMLDTDScannerImpl.setInputSource(XMLDTDScannerImpl.java:263) ~[na:1.7.0_80]
	at com.sun.org.apache.xerces.internal.impl.XMLDocumentScannerImpl$DTDDriver.dispatch(XMLDocumentScannerImpl.java:1164) ~[na:1.7.0_80]
	at com.sun.org.apache.xerces.internal.impl.XMLDocumentScannerImpl$DTDDriver.next(XMLDocumentScannerImpl.java:1050) ~[na:1.7.0_80]
	at com.sun.org.apache.xerces.internal.impl.XMLDocumentScannerImpl$PrologDriver.next(XMLDocumentScannerImpl.java:964) ~[na:1.7.0_80]
	at com.sun.org.apache.xerces.internal.impl.XMLDocumentScannerImpl.next(XMLDocumentScannerImpl.java:606) ~[na:1.7.0_80]
	at com.sun.org.apache.xerces.internal.impl.XMLDocumentFragmentScannerImpl.scanDocument(XMLDocumentFragmentScannerImpl.java:510) ~[na:1.7.0_80]
	at com.sun.org.apache.xerces.internal.parsers.XML11Configuration.parse(XML11Configuration.java:848) ~[na:1.7.0_80]
	at com.sun.org.apache.xerces.internal.parsers.XML11Configuration.parse(XML11Configuration.java:777) ~[na:1.7.0_80]
	at com.sun.org.apache.xerces.internal.parsers.XMLParser.parse(XMLParser.java:141) ~[na:1.7.0_80]
	at com.sun.org.apache.xerces.internal.parsers.DOMParser.parse(DOMParser.java:243) ~[na:1.7.0_80]
	at com.sun.org.apache.xerces.internal.jaxp.DocumentBuilderImpl.parse(DocumentBuilderImpl.java:347) ~[na:1.7.0_80]
	at javax.xml.parsers.DocumentBuilder.parse(DocumentBuilder.java:121) ~[na:1.7.0_80]
	at com.dcits.orion.base.map.mapping.MappingBuilder.parser(MappingBuilder.java:50) ~[classes/:na]
	at com.dcits.orion.base.map.mapping.MappingBuilder.<init>(MappingBuilder.java:36) ~[classes/:na]
	... 40 common frames omitted
